0 info it worked if it ends with ok
1 verbose cli [ '/usr/local/bin/node', '/usr/local/bin/npm', 'start' ]
2 info using npm@3.10.3
3 info using node@v6.4.0
4 verbose run-script [ 'prestart', 'start', 'poststart' ]
5 info lifecycle RadioAustria@~prestart: RadioAustria@
6 silly lifecycle RadioAustria@~prestart: no script for prestart, continuing
7 info lifecycle RadioAustria@~start: RadioAustria@
8 verbose lifecycle RadioAustria@~start: unsafe-perm in lifecycle true
9 verbose lifecycle RadioAustria@~start: PATH: /usr/local/lib/node_modules/npm/bin/node-gyp-bin:/home/pogodaanton/Node-Code/radioAustria/node_modules/.bin:/usr/local/bin:/usr/local/sbin:/usr/local/bin:/usr/sbin:/usr/bin:/sbin:/bin:/usr/games:/usr/local/games
10 verbose lifecycle RadioAustria@~start: CWD: /home/pogodaanton/Node-Code/radioAustria
11 silly lifecycle RadioAustria@~start: Args: [ '-c', 'gulp electron' ]
12 silly lifecycle RadioAustria@~start: Returned: code: 1  signal: null
13 info lifecycle RadioAustria@~start: Failed to exec start script
14 verbose stack Error: RadioAustria@ start: `gulp electron`
14 verbose stack Exit status 1
14 verbose stack     at EventEmitter.<anonymous> (/usr/local/lib/node_modules/npm/lib/utils/lifecycle.js:242:16)
14 verbose stack     at emitTwo (events.js:106:13)
14 verbose stack     at EventEmitter.emit (events.js:191:7)
14 verbose stack     at ChildProcess.<anonymous> (/usr/local/lib/node_modules/npm/lib/utils/spawn.js:40:14)
14 verbose stack     at emitTwo (events.js:106:13)
14 verbose stack     at ChildProcess.emit (events.js:191:7)
14 verbose stack     at maybeClose (internal/child_process.js:852:16)
14 verbose stack     at Process.ChildProcess._handle.onexit (internal/child_process.js:215:5)
15 verbose pkgid RadioAustria@
16 verbose cwd /home/pogodaanton/Node-Code/radioAustria
17 error Linux 4.4.0-72-generic
18 error argv "/usr/local/bin/node" "/usr/local/bin/npm" "start"
19 error node v6.4.0
20 error npm  v3.10.3
21 error code ELIFECYCLE
22 error RadioAustria@ start: `gulp electron`
22 error Exit status 1
23 error Failed at the RadioAustria@ start script 'gulp electron'.
23 error Make sure you have the latest version of node.js and npm installed.
23 error If you do, this is most likely a problem with the RadioAustria package,
23 error not with npm itself.
23 error Tell the author that this fails on your system:
23 error     gulp electron
23 error You can get information on how to open an issue for this project with:
23 error     npm bugs RadioAustria
23 error Or if that isn't available, you can get their info via:
23 error     npm owner ls RadioAustria
23 error There is likely additional logging output above.
24 verbose exit [ 1, true ]
